# JRE version: OpenJDK Runtime Environment (11.0.8+10) (build 11.0.8+10-b944.6842174)
# Java VM: OpenJDK 64-Bit Server VM (11.0.8+10-b944.6842174, mixed mode, tiered, compressed oops, g1 gc, windows-amd64)
Heap:
 garbage-first heap   total 187392K, used 85905K [0x0000000080000000, 0x0000000100000000)
  region size 1024K, 11 young (11264K), 5 survivors (5120K)
 Metaspace       used 79159K, capacity 81135K, committed 81228K, reserved 1120256K
  class space    used 10168K, capacity 10826K, committed 10880K, reserved 1048576K
GC Heap History (20 events):
Event: 4.175 GC heap before
{Heap before GC invocations=8 (full 0):
 garbage-first heap   total 155648K, used 107703K [0x0000000080000000, 0x0000000100000000)
  region size 1024K, 70 young (71680K), 8 survivors (8192K)
 Metaspace       used 46694K, capacity 47815K, committed 47948K, reserved 1091584K
  class space    used 5806K, capacity 6181K, committed 6272K, reserved 1048576K
}
Event: 4.183 GC heap after
{Heap after GC invocations=9 (full 0):
 garbage-first heap   total 155648K, used 49434K [0x0000000080000000, 0x0000000100000000)
  region size 1024K, 9 young (9216K), 9 survivors (9216K)
 Metaspace       used 46694K, capacity 47815K, committed 47948K, reserved 1091584K
  class space    used 5806K, capacity 6181K, committed 6272K, reserved 1048576K
}
Event: 5.051 GC heap before
{Heap before GC invocations=9 (full 0):
 garbage-first heap   total 155648K, used 110874K [0x0000000080000000, 0x0000000100000000)
  region size 1024K, 69 young (70656K), 9 survivors (9216K)
 Metaspace       used 50413K, capacity 51789K, committed 51916K, reserved 1093632K
  class space    used 6343K, capacity 6820K, committed 6912K, reserved 1048576K
}
Event: 5.057 GC heap after
{Heap after GC invocations=10 (full 0):
 garbage-first heap   total 155648K, used 52603K [0x0000000080000000, 0x0000000100000000)
  region size 1024K, 4 young (4096K), 4 survivors (4096K)
 Metaspace       used 50413K, capacity 51789K, committed 51916K, reserved 1093632K
  class space    used 6343K, capacity 6820K, committed 6912K, reserved 1048576K
}
Event: 5.625 GC heap before
{Heap before GC invocations=10 (full 0):
 garbage-first heap   total 155648K, used 116091K [0x0000000080000000, 0x0000000100000000)
  region size 1024K, 64 young (65536K), 4 survivors (4096K)
 Metaspace       used 56626K, capacity 58277K, committed 58572K, reserved 1099776K
  class space    used 7118K, capacity 7639K, committed 7680K, reserved 1048576K
}
Event: 5.631 GC heap after
{Heap after GC invocations=11 (full 0):
 garbage-first heap   total 155648K, used 62613K [0x0000000080000000, 0x0000000100000000)
  region size 1024K, 8 young (8192K), 8 survivors (8192K)
 Metaspace       used 56626K, capacity 58277K, committed 58572K, reserved 1099776K
  class space    used 7118K, capacity 7639K, committed 7680K, reserved 1048576K
}
Event: 5.791 GC heap before
{Heap before GC invocations=11 (full 0):
 garbage-first heap   total 155648K, used 73877K [0x0000000080000000, 0x0000000100000000)
  region size 1024K, 20 young (20480K), 8 survivors (8192K)
 Metaspace       used 58355K, capacity 59965K, committed 60236K, reserved 1101824K
  class space    used 7302K, capacity 7792K, committed 7808K, reserved 1048576K
}
Event: 5.798 GC heap after
{Heap after GC invocations=12 (full 0):
 garbage-first heap   total 155648K, used 63567K [0x0000000080000000, 0x0000000100000000)
  region size 1024K, 2 young (2048K), 2 survivors (2048K)
 Metaspace       used 58355K, capacity 59965K, committed 60236K, reserved 1101824K
  class space    used 7302K, capacity 7792K, committed 7808K, reserved 1048576K
}
Event: 6.185 GC heap before
{Heap before GC invocations=13 (full 0):
 garbage-first heap   total 155648K, used 101455K [0x0000000080000000, 0x0000000100000000)
  region size 1024K, 40 young (40960K), 2 survivors (2048K)
 Metaspace       used 62796K, capacity 64408K, committed 64460K, reserved 1105920K
  class space    used 7894K, capacity 8436K, committed 8448K, reserved 1048576K
}
Event: 6.188 GC heap after
{Heap after GC invocations=14 (full 0):
 garbage-first heap   total 155648K, used 66358K [0x0000000080000000, 0x0000000100000000)
  region size 1024K, 4 young (4096K), 4 survivors (4096K)
 Metaspace       used 62796K, capacity 64408K, committed 64460K, reserved 1105920K
  class space    used 7894K, capacity 8436K, committed 8448K, reserved 1048576K
}
Event: 6.473 GC heap before
{Heap before GC invocations=14 (full 0):
 garbage-first heap   total 155648K, used 107318K [0x0000000080000000, 0x0000000100000000)
  region size 1024K, 44 young (45056K), 4 survivors (4096K)
 Metaspace       used 64782K, capacity 66589K, committed 66892K, reserved 1107968K
  class space    used 8139K, capacity 8727K, committed 8832K, reserved 1048576K
}
Event: 6.480 GC heap after
{Heap after GC invocations=15 (full 0):
 garbage-first heap   total 155648K, used 69883K [0x0000000080000000, 0x0000000100000000)
  region size 1024K, 4 young (4096K), 4 survivors (4096K)
 Metaspace       used 64782K, capacity 66589K, committed 66892K, reserved 1107968K
  class space    used 8139K, capacity 8727K, committed 8832K, reserved 1048576K
}
Event: 6.858 GC heap before
{Heap before GC invocations=15 (full 0):
 garbage-first heap   total 155648K, used 110843K [0x0000000080000000, 0x0000000100000000)
  region size 1024K, 44 young (45056K), 4 survivors (4096K)
 Metaspace       used 69574K, capacity 71408K, committed 71500K, reserved 1112064K
  class space    used 8918K, capacity 9518K, committed 9600K, reserved 1048576K
}
Event: 6.863 GC heap after
{Heap after GC invocations=16 (full 0):
 garbage-first heap   total 155648K, used 72395K [0x0000000080000000, 0x0000000100000000)
  region size 1024K, 3 young (3072K), 3 survivors (3072K)
 Metaspace       used 69574K, capacity 71408K, committed 71500K, reserved 1112064K
  class space    used 8918K, capacity 9518K, committed 9600K, reserved 1048576K
}
Event: 7.064 GC heap before
{Heap before GC invocations=16 (full 0):
 garbage-first heap   total 155648K, used 114379K [0x0000000080000000, 0x0000000100000000)
  region size 1024K, 44 young (45056K), 3 survivors (3072K)
 Metaspace       used 70928K, capacity 72759K, committed 72908K, reserved 1112064K
  class space    used 9129K, capacity 9714K, committed 9728K, reserved 1048576K
}
Event: 7.069 GC heap after
{Heap after GC invocations=17 (full 0):
 garbage-first heap   total 155648K, used 76238K [0x0000000080000000, 0x0000000100000000)
  region size 1024K, 6 young (6144K), 6 survivors (6144K)
 Metaspace       used 70928K, capacity 72759K, committed 72908K, reserved 1112064K
  class space    used 9129K, capacity 9714K, committed 9728K, reserved 1048576K
}
Event: 7.632 GC heap before
{Heap before GC invocations=18 (full 0):
 garbage-first heap   total 155648K, used 118222K [0x0000000080000000, 0x0000000100000000)
  region size 1024K, 47 young (48128K), 6 survivors (6144K)
 Metaspace       used 75183K, capacity 76980K, committed 77004K, reserved 1116160K
  class space    used 9641K, capacity 10237K, committed 10240K, reserved 1048576K
}
Event: 7.640 GC heap after
{Heap after GC invocations=19 (full 0):
 garbage-first heap   total 155648K, used 78580K [0x0000000080000000, 0x0000000100000000)
  region size 1024K, 3 young (3072K), 3 survivors (3072K)
 Metaspace       used 75183K, capacity 76980K, committed 77004K, reserved 1116160K
  class space    used 9641K, capacity 10237K, committed 10240K, reserved 1048576K
}
Event: 7.992 GC heap before
{Heap before GC invocations=19 (full 0):
 garbage-first heap   total 155648K, used 120564K [0x0000000080000000, 0x0000000100000000)
  region size 1024K, 44 young (45056K), 3 survivors (3072K)
 Metaspace       used 78540K, capacity 80463K, committed 80588K, reserved 1120256K
  class space    used 10086K, capacity 10730K, committed 10752K, reserved 1048576K
}
Event: 7.997 GC heap after
{Heap after GC invocations=20 (full 0):
 garbage-first heap   total 187392K, used 80785K [0x0000000080000000, 0x0000000100000000)
  region size 1024K, 5 young (5120K), 5 survivors (5120K)
 Metaspace       used 78540K, capacity 80463K, committed 80588K, reserved 1120256K
  class space    used 10086K, capacity 10730K, committed 10752K, reserved 1048576K
}

