# JRE version: OpenJDK Runtime Environment (11.0.8+10) (build 11.0.8+10-b944.6842174)
# Java VM: OpenJDK 64-Bit Server VM (11.0.8+10-b944.6842174, mixed mode, tiered, compressed oops, g1 gc, windows-amd64)
Heap:
 garbage-first heap   total 225280K, used 87105K [0x0000000080000000, 0x0000000100000000)
  region size 1024K, 7 young (7168K), 7 survivors (7168K)
 Metaspace       used 86176K, capacity 88252K, committed 88448K, reserved 1126400K
  class space    used 11146K, capacity 11830K, committed 11904K, reserved 1048576K
GC Heap History (20 events):
Event: 3.108 GC heap after
{Heap after GC invocations=10 (full 0):
 garbage-first heap   total 155648K, used 47795K [0x0000000080000000, 0x0000000100000000)
  region size 1024K, 7 young (7168K), 7 survivors (7168K)
 Metaspace       used 43639K, capacity 44787K, committed 44928K, reserved 1087488K
  class space    used 5572K, capacity 5967K, committed 6016K, reserved 1048576K
}
Event: 3.524 GC heap before
{Heap before GC invocations=10 (full 0):
 garbage-first heap   total 155648K, used 97971K [0x0000000080000000, 0x0000000100000000)
  region size 1024K, 56 young (57344K), 7 survivors (7168K)
 Metaspace       used 46586K, capacity 47946K, committed 48256K, reserved 1091584K
  class space    used 5994K, capacity 6419K, committed 6528K, reserved 1048576K
}
Event: 3.530 GC heap after
{Heap after GC invocations=11 (full 0):
 garbage-first heap   total 155648K, used 50803K [0x0000000080000000, 0x0000000100000000)
  region size 1024K, 3 young (3072K), 3 survivors (3072K)
 Metaspace       used 46586K, capacity 47946K, committed 48256K, reserved 1091584K
  class space    used 5994K, capacity 6419K, committed 6528K, reserved 1048576K
}
Event: 3.889 GC heap before
{Heap before GC invocations=11 (full 0):
 garbage-first heap   total 155648K, used 104051K [0x0000000080000000, 0x0000000100000000)
  region size 1024K, 53 young (54272K), 3 survivors (3072K)
 Metaspace       used 51469K, capacity 52933K, committed 53120K, reserved 1095680K
  class space    used 6565K, capacity 7011K, committed 7040K, reserved 1048576K
}
Event: 3.892 GC heap after
{Heap after GC invocations=12 (full 0):
 garbage-first heap   total 155648K, used 60182K [0x0000000080000000, 0x0000000100000000)
  region size 1024K, 7 young (7168K), 7 survivors (7168K)
 Metaspace       used 51469K, capacity 52933K, committed 53120K, reserved 1095680K
  class space    used 6565K, capacity 7011K, committed 7040K, reserved 1048576K
}
Event: 4.344 GC heap before
{Heap before GC invocations=12 (full 0):
 garbage-first heap   total 155648K, used 108310K [0x0000000080000000, 0x0000000100000000)
  region size 1024K, 55 young (56320K), 7 survivors (7168K)
 Metaspace       used 57998K, capacity 59656K, committed 59776K, reserved 1101824K
  class space    used 7399K, capacity 7949K, committed 8064K, reserved 1048576K
}
Event: 4.350 GC heap after
{Heap after GC invocations=13 (full 0):
 garbage-first heap   total 155648K, used 64452K [0x0000000080000000, 0x0000000100000000)
  region size 1024K, 4 young (4096K), 4 survivors (4096K)
 Metaspace       used 57998K, capacity 59656K, committed 59776K, reserved 1101824K
  class space    used 7399K, capacity 7949K, committed 8064K, reserved 1048576K
}
Event: 4.391 GC heap before
{Heap before GC invocations=13 (full 0):
 garbage-first heap   total 155648K, used 68548K [0x0000000080000000, 0x0000000100000000)
  region size 1024K, 9 young (9216K), 4 survivors (4096K)
 Metaspace       used 58476K, capacity 60060K, committed 60160K, reserved 1101824K
  class space    used 7469K, capacity 8016K, committed 8064K, reserved 1048576K
}
Event: 4.394 GC heap after
{Heap after GC invocations=14 (full 0):
 garbage-first heap   total 155648K, used 64833K [0x0000000080000000, 0x0000000100000000)
  region size 1024K, 4 young (4096K), 4 survivors (4096K)
 Metaspace       used 58476K, capacity 60060K, committed 60160K, reserved 1101824K
  class space    used 7469K, capacity 8016K, committed 8064K, reserved 1048576K
}
Event: 4.767 GC heap before
{Heap before GC invocations=15 (full 0):
 garbage-first heap   total 155648K, used 111937K [0x0000000080000000, 0x0000000100000000)
  region size 1024K, 50 young (51200K), 4 survivors (4096K)
 Metaspace       used 61075K, capacity 62752K, committed 62976K, reserved 1103872K
  class space    used 7791K, capacity 8347K, committed 8448K, reserved 1048576K
}
Event: 4.777 GC heap after
{Heap after GC invocations=16 (full 0):
 garbage-first heap   total 155648K, used 68113K [0x0000000080000000, 0x0000000100000000)
  region size 1024K, 7 young (7168K), 7 survivors (7168K)
 Metaspace       used 61075K, capacity 62752K, committed 62976K, reserved 1103872K
  class space    used 7791K, capacity 8347K, committed 8448K, reserved 1048576K
}
Event: 5.171 GC heap before
{Heap before GC invocations=17 (full 0):
 garbage-first heap   total 155648K, used 115217K [0x0000000080000000, 0x0000000100000000)
  region size 1024K, 53 young (54272K), 7 survivors (7168K)
 Metaspace       used 66089K, capacity 67859K, committed 68096K, reserved 1107968K
  class space    used 8604K, capacity 9171K, committed 9216K, reserved 1048576K
}
Event: 5.179 GC heap after
{Heap after GC invocations=18 (full 0):
 garbage-first heap   total 187392K, used 71425K [0x0000000080000000, 0x0000000100000000)
  region size 1024K, 7 young (7168K), 7 survivors (7168K)
 Metaspace       used 66089K, capacity 67859K, committed 68096K, reserved 1107968K
  class space    used 8604K, capacity 9171K, committed 9216K, reserved 1048576K
}
Event: 5.585 GC heap before
{Heap before GC invocations=18 (full 0):
 garbage-first heap   total 187392K, used 128769K [0x0000000080000000, 0x0000000100000000)
  region size 1024K, 63 young (64512K), 7 survivors (7168K)
 Metaspace       used 68922K, capacity 70716K, committed 70784K, reserved 1110016K
  class space    used 9025K, capacity 9590K, committed 9600K, reserved 1048576K
}
Event: 5.592 GC heap after
{Heap after GC invocations=19 (full 0):
 garbage-first heap   total 187392K, used 75876K [0x0000000080000000, 0x0000000100000000)
  region size 1024K, 8 young (8192K), 8 survivors (8192K)
 Metaspace       used 68922K, capacity 70716K, committed 70784K, reserved 1110016K
  class space    used 9025K, capacity 9590K, committed 9600K, reserved 1048576K
}
Event: 6.127 GC heap before
{Heap before GC invocations=19 (full 0):
 garbage-first heap   total 187392K, used 133220K [0x0000000080000000, 0x0000000100000000)
  region size 1024K, 65 young (66560K), 8 survivors (8192K)
 Metaspace       used 73654K, capacity 75666K, committed 75776K, reserved 1114112K
  class space    used 9579K, capacity 10205K, committed 10240K, reserved 1048576K
}
Event: 6.135 GC heap after
{Heap after GC invocations=20 (full 0):
 garbage-first heap   total 187392K, used 79672K [0x0000000080000000, 0x0000000100000000)
  region size 1024K, 9 young (9216K), 9 survivors (9216K)
 Metaspace       used 73654K, capacity 75666K, committed 75776K, reserved 1114112K
  class space    used 9579K, capacity 10205K, committed 10240K, reserved 1048576K
}
Event: 6.646 GC heap before
{Heap before GC invocations=20 (full 0):
 garbage-first heap   total 187392K, used 138040K [0x0000000080000000, 0x0000000100000000)
  region size 1024K, 66 young (67584K), 9 survivors (9216K)
 Metaspace       used 80938K, capacity 82862K, committed 82944K, reserved 1120256K
  class space    used 10557K, capacity 11186K, committed 11264K, reserved 1048576K
}
Event: 6.654 GC heap after
{Heap after GC invocations=21 (full 0):
 garbage-first heap   total 187392K, used 82635K [0x0000000080000000, 0x0000000100000000)
  region size 1024K, 7 young (7168K), 7 survivors (7168K)
 Metaspace       used 80938K, capacity 82862K, committed 82944K, reserved 1120256K
  class space    used 10557K, capacity 11186K, committed 11264K, reserved 1048576K
}
Event: 8.389 GC heap before
{Heap before GC invocations=21 (full 0):
 garbage-first heap   total 187392K, used 141003K [0x0000000080000000, 0x0000000100000000)
  region size 1024K, 65 young (66560K), 7 survivors (7168K)
 Metaspace       used 86176K, capacity 88252K, committed 88448K, reserved 1126400K
  class space    used 11146K, capacity 11830K, committed 11904K, reserved 1048576K
}

