# JRE version: OpenJDK Runtime Environment (11.0.8+10) (build 11.0.8+10-b944.6842174)
# Java VM: OpenJDK 64-Bit Server VM (11.0.8+10-b944.6842174, mixed mode, tiered, compressed oops, g1 gc, windows-amd64)
Heap:
 garbage-first heap   total 225280K, used 80207K [0x0000000080000000, 0x0000000100000000)
  region size 1024K, 7 young (7168K), 7 survivors (7168K)
 Metaspace       used 78313K, capacity 80325K, committed 80512K, reserved 1118208K
  class space    used 10237K, capacity 10872K, committed 10880K, reserved 1048576K
GC Heap History (20 events):
Event: 2.186 GC heap after
{Heap after GC invocations=6 (full 0):
 garbage-first heap   total 129024K, used 32016K [0x0000000080000000, 0x0000000100000000)
  region size 1024K, 7 young (7168K), 7 survivors (7168K)
 Metaspace       used 31815K, capacity 32580K, committed 32768K, reserved 1077248K
  class space    used 4236K, capacity 4502K, committed 4608K, reserved 1048576K
}
Event: 2.299 GC heap before
{Heap before GC invocations=6 (full 0):
 garbage-first heap   total 129024K, used 40208K [0x0000000080000000, 0x0000000100000000)
  region size 1024K, 16 young (16384K), 7 survivors (7168K)
 Metaspace       used 35030K, capacity 35797K, committed 35840K, reserved 1081344K
  class space    used 4553K, capacity 4829K, committed 4864K, reserved 1048576K
}
Event: 2.306 GC heap after
{Heap after GC invocations=7 (full 0):
 garbage-first heap   total 155648K, used 33837K [0x0000000080000000, 0x0000000100000000)
  region size 1024K, 2 young (2048K), 2 survivors (2048K)
 Metaspace       used 35030K, capacity 35797K, committed 35840K, reserved 1081344K
  class space    used 4553K, capacity 4829K, committed 4864K, reserved 1048576K
}
Event: 2.787 GC heap before
{Heap before GC invocations=8 (full 0):
 garbage-first heap   total 155648K, used 94253K [0x0000000080000000, 0x0000000100000000)
  region size 1024K, 52 young (53248K), 2 survivors (2048K)
 Metaspace       used 40307K, capacity 41411K, committed 41472K, reserved 1085440K
  class space    used 5180K, capacity 5591K, committed 5632K, reserved 1048576K
}
Event: 2.791 GC heap after
{Heap after GC invocations=9 (full 0):
 garbage-first heap   total 155648K, used 45353K [0x0000000080000000, 0x0000000100000000)
  region size 1024K, 7 young (7168K), 7 survivors (7168K)
 Metaspace       used 40307K, capacity 41411K, committed 41472K, reserved 1085440K
  class space    used 5180K, capacity 5591K, committed 5632K, reserved 1048576K
}
Event: 3.167 GC heap before
{Heap before GC invocations=9 (full 0):
 garbage-first heap   total 155648K, used 94505K [0x0000000080000000, 0x0000000100000000)
  region size 1024K, 55 young (56320K), 7 survivors (7168K)
 Metaspace       used 44391K, capacity 45551K, committed 45824K, reserved 1089536K
  class space    used 5711K, capacity 6114K, committed 6144K, reserved 1048576K
}
Event: 3.173 GC heap after
{Heap after GC invocations=10 (full 0):
 garbage-first heap   total 155648K, used 49069K [0x0000000080000000, 0x0000000100000000)
  region size 1024K, 4 young (4096K), 4 survivors (4096K)
 Metaspace       used 44391K, capacity 45551K, committed 45824K, reserved 1089536K
  class space    used 5711K, capacity 6114K, committed 6144K, reserved 1048576K
}
Event: 3.569 GC heap before
{Heap before GC invocations=10 (full 0):
 garbage-first heap   total 155648K, used 100269K [0x0000000080000000, 0x0000000100000000)
  region size 1024K, 55 young (56320K), 4 survivors (4096K)
 Metaspace       used 46865K, capacity 48205K, committed 48512K, reserved 1091584K
  class space    used 6028K, capacity 6459K, committed 6528K, reserved 1048576K
}
Event: 3.574 GC heap after
{Heap after GC invocations=11 (full 0):
 garbage-first heap   total 155648K, used 52064K [0x0000000080000000, 0x0000000100000000)
  region size 1024K, 7 young (7168K), 7 survivors (7168K)
 Metaspace       used 46865K, capacity 48205K, committed 48512K, reserved 1091584K
  class space    used 6028K, capacity 6459K, committed 6528K, reserved 1048576K
}
Event: 4.014 GC heap before
{Heap before GC invocations=11 (full 0):
 garbage-first heap   total 155648K, used 107360K [0x0000000080000000, 0x0000000100000000)
  region size 1024K, 59 young (60416K), 7 survivors (7168K)
 Metaspace       used 53251K, capacity 54676K, committed 54912K, reserved 1097728K
  class space    used 6812K, capacity 7274K, committed 7296K, reserved 1048576K
}
Event: 4.021 GC heap after
{Heap after GC invocations=12 (full 0):
 garbage-first heap   total 155648K, used 61147K [0x0000000080000000, 0x0000000100000000)
  region size 1024K, 8 young (8192K), 8 survivors (8192K)
 Metaspace       used 53251K, capacity 54676K, committed 54912K, reserved 1097728K
  class space    used 6812K, capacity 7274K, committed 7296K, reserved 1048576K
}
Event: 4.513 GC heap before
{Heap before GC invocations=12 (full 0):
 garbage-first heap   total 155648K, used 100059K [0x0000000080000000, 0x0000000100000000)
  region size 1024K, 48 young (49152K), 8 survivors (8192K)
 Metaspace       used 58450K, capacity 60059K, committed 60160K, reserved 1101824K
  class space    used 7477K, capacity 8015K, committed 8064K, reserved 1048576K
}
Event: 4.520 GC heap after
{Heap after GC invocations=13 (full 0):
 garbage-first heap   total 187392K, used 64393K [0x0000000080000000, 0x0000000100000000)
  region size 1024K, 4 young (4096K), 4 survivors (4096K)
 Metaspace       used 58450K, capacity 60059K, committed 60160K, reserved 1101824K
  class space    used 7477K, capacity 8015K, committed 8064K, reserved 1048576K
}
Event: 4.996 GC heap before
{Heap before GC invocations=14 (full 0):
 garbage-first heap   total 187392K, used 122761K [0x0000000080000000, 0x0000000100000000)
  region size 1024K, 61 young (62464K), 4 survivors (4096K)
 Metaspace       used 61943K, capacity 63635K, committed 63872K, reserved 1103872K
  class space    used 7902K, capacity 8469K, committed 8576K, reserved 1048576K
}
Event: 5.005 GC heap after
{Heap after GC invocations=15 (full 0):
 garbage-first heap   total 187392K, used 68836K [0x0000000080000000, 0x0000000100000000)
  region size 1024K, 8 young (8192K), 8 survivors (8192K)
 Metaspace       used 61943K, capacity 63635K, committed 63872K, reserved 1103872K
  class space    used 7902K, capacity 8469K, committed 8576K, reserved 1048576K
}
Event: 5.472 GC heap before
{Heap before GC invocations=15 (full 0):
 garbage-first heap   total 187392K, used 128228K [0x0000000080000000, 0x0000000100000000)
  region size 1024K, 66 young (67584K), 8 survivors (8192K)
 Metaspace       used 66597K, capacity 68388K, committed 68480K, reserved 1107968K
  class space    used 8696K, capacity 9282K, committed 9344K, reserved 1048576K
}
Event: 5.479 GC heap after
{Heap after GC invocations=16 (full 0):
 garbage-first heap   total 187392K, used 73263K [0x0000000080000000, 0x0000000100000000)
  region size 1024K, 9 young (9216K), 9 survivors (9216K)
 Metaspace       used 66597K, capacity 68388K, committed 68480K, reserved 1107968K
  class space    used 8696K, capacity 9282K, committed 9344K, reserved 1048576K
}
Event: 6.067 GC heap before
{Heap before GC invocations=16 (full 0):
 garbage-first heap   total 187392K, used 133679K [0x0000000080000000, 0x0000000100000000)
  region size 1024K, 68 young (69632K), 9 survivors (9216K)
 Metaspace       used 71857K, capacity 73805K, committed 73984K, reserved 1114112K
  class space    used 9336K, capacity 9971K, committed 9984K, reserved 1048576K
}
Event: 6.075 GC heap after
{Heap after GC invocations=17 (full 0):
 garbage-first heap   total 187392K, used 76972K [0x0000000080000000, 0x0000000100000000)
  region size 1024K, 8 young (8192K), 8 survivors (8192K)
 Metaspace       used 71857K, capacity 73805K, committed 73984K, reserved 1114112K
  class space    used 9336K, capacity 9971K, committed 9984K, reserved 1048576K
}
Event: 6.588 GC heap before
{Heap before GC invocations=17 (full 0):
 garbage-first heap   total 187392K, used 137388K [0x0000000080000000, 0x0000000100000000)
  region size 1024K, 67 young (68608K), 8 survivors (8192K)
 Metaspace       used 78313K, capacity 80325K, committed 80512K, reserved 1118208K
  class space    used 10237K, capacity 10872K, committed 10880K, reserved 1048576K
}

